<?xml version="1.0" encoding="UTF-8"?>
<!-- Generated by org.testng.reporters.JUnitXMLReporter -->
<testsuite hostname="Shadli-PC" ignored="0" name="sample test" tests="1" failures="1" timestamp="03 Sep 2019 23:02:16 GMT" time="10.093" errors="0">
  <testcase name="verifyLoginFunction" time="1.691" classname="com.pack.common.tests.MyAccountTest">
    <failure type="java.lang.AssertionError" message="Sign In page title doesn&amp;apos;t match expected [true] but found [false]">
      <![CDATA[java.lang.AssertionError: Sign In page title doesn't match expected [true] but found [false]
at com.pack.common.tests.MyAccountTest.verifyLoginFunction(MyAccountTest.java:37)
... Removed 27 stack frames]]>
    </failure>
  </testcase> <!-- verifyLoginFunction -->
</testsuite> <!-- sample test -->
